<?xml version="1.0" encoding="UTF-8"?>
<!-- Generated by org.testng.reporters.JUnitXMLReporter -->
<testsuite ignored="0" hostname="DESKTOP-HIMQNA1" failures="1" tests="1" name="Test2" time="1.576" errors="0" timestamp="2021-12-27T19:08:48 IST">
  <testcase classname="com.selenium.basic.CloseAllWindows" name="closeMultipleTab" time="1.526">
    <failure type="org.openqa.selenium.SessionNotCreatedException" message="session not created: This version of ChromeDriver only supports Chrome version 94
Current browser version is 96.0.4664.110 with binary path C:\Program Files\Google\Chrome\Application\chrome.exe
Build info: version: &amp;apos;3.141.59&amp;apos;, revision: &amp;apos;e82be7d358&amp;apos;, time: &amp;apos;2018-11-14T08:25:48&amp;apos;
System info: host: &amp;apos;DESKTOP-HIMQNA1&amp;apos;, ip: &amp;apos;192.168.29.166&amp;apos;, os.name: &amp;apos;Windows 10&amp;apos;, os.arch: &amp;apos;amd64&amp;apos;, os.version: &amp;apos;10.0&amp;apos;, java.version: &amp;apos;16.0.1&amp;apos;
Driver info: driver.version: ChromeDriver
remote stacktrace: Backtrace:
	Ordinal0 [0x00C1BDE3+2473443]
	Ordinal0 [0x00BB6661+2057825]
	Ordinal0 [0x00AC2438+1057848]
	Ordinal0 [0x00AE054A+1181002]
	Ordinal0 [0x00ADC435+1164341]
	Ordinal0 [0x00AD9CAF+1154223]
	Ordinal0 [0x00B09ADF+1350367]
	Ordinal0 [0x00B0974A+1349450]
	Ordinal0 [0x00B055AB+1332651]
	Ordinal0 [0x00AE2104+1188100]
	Ordinal0 [0x00AE2F59+1191769]
	GetHandleVerifier [0x00DA2266+1549718]
	GetHandleVerifier [0x00E4D4A7+2250711]
	GetHandleVerifier [0x00CA718B+521403]
	GetHandleVerifier [0x00CA6229+517465]
	Ordinal0 [0x00BBB79D+2078621]
	Ordinal0 [0x00BBFB58+2095960]
	Ordinal0 [0x00BBFC92+2096274]
	Ordinal0 [0x00BC9541+2135361]
	BaseThreadInitThunk [0x75536739+25]
	RtlGetFullPathName_UEx [0x77588AFF+1215]
	RtlGetFullPathName_UEx [0x77588ACD+1165]
">
      <![CDATA[org.openqa.selenium.SessionNotCreatedException: session not created: This version of ChromeDriver only supports Chrome version 94
Current browser version is 96.0.4664.110 with binary path C:\Program Files\Google\Chrome\Application\chrome.exe
Build info: version: '3.141.59', revision: 'e82be7d358', time: '2018-11-14T08:25:48'
System info: host: 'DESKTOP-HIMQNA1', ip: '192.168.29.166', os.name: 'Windows 10', os.arch: 'amd64', os.version: '10.0', java.version: '16.0.1'
Driver info: driver.version: ChromeDriver
remote stacktrace: Backtrace:
Ordinal0 [0x00C1BDE3+2473443]
Ordinal0 [0x00BB6661+2057825]
Ordinal0 [0x00AC2438+1057848]
Ordinal0 [0x00AE054A+1181002]
Ordinal0 [0x00ADC435+1164341]
Ordinal0 [0x00AD9CAF+1154223]
Ordinal0 [0x00B09ADF+1350367]
Ordinal0 [0x00B0974A+1349450]
Ordinal0 [0x00B055AB+1332651]
Ordinal0 [0x00AE2104+1188100]
Ordinal0 [0x00AE2F59+1191769]
GetHandleVerifier [0x00DA2266+1549718]
GetHandleVerifier [0x00E4D4A7+2250711]
GetHandleVerifier [0x00CA718B+521403]
GetHandleVerifier [0x00CA6229+517465]
Ordinal0 [0x00BBB79D+2078621]
Ordinal0 [0x00BBFB58+2095960]
Ordinal0 [0x00BBFC92+2096274]
Ordinal0 [0x00BC9541+2135361]
BaseThreadInitThunk [0x75536739+25]
RtlGetFullPathName_UEx [0x77588AFF+1215]
RtlGetFullPathName_UEx [0x77588ACD+1165]

at org.openqa.selenium.remote.W3CHandshakeResponse.lambda$errorHandler$0(W3CHandshakeResponse.java:62)
at org.openqa.selenium.remote.HandshakeResponse.lambda$getResponseFunction$0(HandshakeResponse.java:30)
at org.openqa.selenium.remote.ProtocolHandshake.lambda$createSession$0(ProtocolHandshake.java:126)
at java.base/java.util.stream.ReferencePipeline$3$1.accept(ReferencePipeline.java:197)
at java.base/java.util.Spliterators$ArraySpliterator.tryAdvance(Spliterators.java:958)
at java.base/java.util.stream.ReferencePipeline.forEachWithCancel(ReferencePipeline.java:129)
at java.base/java.util.stream.AbstractPipeline.copyIntoWithCancel(AbstractPipeline.java:502)
at java.base/java.util.stream.AbstractPipeline.copyInto(AbstractPipeline.java:488)
at java.base/java.util.stream.AbstractPipeline.wrapAndCopyInto(AbstractPipeline.java:474)
at java.base/java.util.stream.FindOps$FindOp.evaluateSequential(FindOps.java:150)
at java.base/java.util.stream.AbstractPipeline.evaluate(AbstractPipeline.java:234)
at java.base/java.util.stream.ReferencePipeline.findFirst(ReferencePipeline.java:647)
at org.openqa.selenium.remote.ProtocolHandshake.createSession(ProtocolHandshake.java:128)
at org.openqa.selenium.remote.ProtocolHandshake.createSession(ProtocolHandshake.java:74)
at org.openqa.selenium.remote.HttpCommandExecutor.execute(HttpCommandExecutor.java:136)
at org.openqa.selenium.remote.service.DriverCommandExecutor.execute(DriverCommandExecutor.java:83)
at org.openqa.selenium.remote.RemoteWebDriver.execute(RemoteWebDriver.java:552)
at org.openqa.selenium.remote.RemoteWebDriver.startSession(RemoteWebDriver.java:213)
at org.openqa.selenium.remote.RemoteWebDriver.<init>(RemoteWebDriver.java:131)
at org.openqa.selenium.chrome.ChromeDriver.<init>(ChromeDriver.java:181)
at org.openqa.selenium.chrome.ChromeDriver.<init>(ChromeDriver.java:168)
at org.openqa.selenium.chrome.ChromeDriver.<init>(ChromeDriver.java:123)
at com.selenium.basic.CloseAllWindows.closeMultipleTab(CloseAllWindows.java:26)
at java.base/java.util.ArrayList.forEach(ArrayList.java:1511)
at java.base/java.util.concurrent.FutureTask.run(FutureTask.java:264)
at java.base/java.util.concurrent.ThreadPoolExecutor.runWorker(ThreadPoolExecutor.java:1130)
at java.base/java.util.concurrent.ThreadPoolExecutor$Worker.run(ThreadPoolExecutor.java:630)
at java.base/java.lang.Thread.run(Thread.java:831)
... Removed 23 stack frames]]>
    </failure>
  </testcase> <!-- closeMultipleTab -->
</testsuite> <!-- Test2 -->
